<?xml version="1.0" encoding="utf-8"?><testsuites name="pytest tests"><testsuite name="pytest" errors="0" failures="0" skipped="0" tests="9" time="1.058" timestamp="2026-05-06T15:47:24.019648+00:00" hostname="agent-env-c402dd95-50ae-44e9-9eb3-619345578da7"><testcase classname="backend.tests.test_backend_api.TestRoot" name="test_root_message" time="0.327" /><testcase classname="backend.tests.test_backend_api.TestStatus" name="test_create_status" time="0.083" /><testcase classname="backend.tests.test_backend_api.TestStatus" name="test_get_statuses" time="0.058" /><testcase classname="backend.tests.test_backend_api.TestNewsletter" name="test_subscribe_valid_email" time="0.062" /><testcase classname="backend.tests.test_backend_api.TestNewsletter" name="test_subscribe_duplicate_idempotent" time="0.062" /><testcase classname="backend.tests.test_backend_api.TestNewsletter" name="test_subscribe_invalid_email" time="0.064" /><testcase classname="backend.tests.test_backend_api.TestNewsletter" name="test_list_subscribers_no_object_id" time="0.062" /><testcase classname="backend.tests.test_backend_api.TestNewsletter" name="test_newsletter_count" time="0.062" /><testcase classname="backend.tests.test_backend_api.TestNewsletter" name="test_email_normalization" time="0.181" /></testsuite></testsuites>